Removed Pin From Net: NetName=NetF_Antenna_1 Pin=AT1-1
Removed Pin From Net: NetName=GND Pin=AT1-2
Removed Pin From Net: NetName=LED Pin=U5-27
Added Component: Designator=F_Antenna(Inverted_F)
Add component. Clean all parameters for all variants
Added Component: Designator=R12(RESC1608X50N)
Add component. Clean all parameters for all variants
Add component (AddParameter): Name = "Datasheet Link"; Value = "https://www.vishay.com/docs/20065/rcse3.pdf"; VariantName = "[No Variations]"
Add component (AddParameter): Name = "Height"; Value = "0.5mm"; VariantName = "[No Variations]"
Add component (AddParameter): Name = "Manufacturer_Name"; Value = "Vishay"; VariantName = "[No Variations]"
Add component (AddParameter): Name = "Manufacturer_Part_Number"; Value = "RCS06034K70FKEA"; VariantName = "[No Variations]"
Add component (AddParameter): Name = "Mouser Part Number"; Value = "71-RCS06034K70FKEA"; VariantName = "[No Variations]"
Add component (AddParameter): Name = "Mouser Price/Stock"; Value = "https://www.mouser.com/Search/Refine.aspx?Keyword=71-RCS06034K70FKEA"; VariantName = "[No Variations]"
Add component (AddParameter): Name = "RS Part Number"; Value = ""; VariantName = "[No Variations]"
Add component (AddParameter): Name = "RS Price/Stock"; Value = ""; VariantName = "[No Variations]"
Add component (AddParameter): Name = "Value"; Value = "4K7"; VariantName = "[No Variations]"
Added Pin To Net: NetName=NetF_Antenna_1 Pin=F_Antenna-1
Added Pin To Net: NetName=GND Pin=F_Antenna-2
Added Pin To Net: NetName=LED Pin=R12-1
Added Pin To Net: NetName=NetLED1_2 Pin=R12-2
Added Pin To Net: NetName=LED Pin=U5-45
Added Member To Class: ClassName=F_Antenna Member=Component F_Antenna Inverted_F
Added Member To Class: ClassName=F_Antenna Member=Component R10 Res3
Added Member To Class: ClassName=MicroController Member=Component R12 RCS06034K70FKEA
Added Member To Class: ClassName=MicroController Member=Component S1 1825910-6
Added Member To Class: ClassName=MicroController Member=Component Y1 CM8V-T1A-32.768kHz-12.5pF-20PPM-TA-QC
